<?xml version="1.0" encoding="UTF-8" ?>
<testsuite tests="1" failures="0" name="UntitledddddddddddddddddddddddddddddTest" time="31.226" errors="1" skipped="0">
  <properties>
[...]
</properties>
  <testcase classname="UntitledddddddddddddddddddddddddddddTest" name="untitleddddddddddddddddddddddddddddd" time="31.226">
    <error message="com.applitools.eyes.exceptions.DiffsFoundException: Test &apos;Untitleddddddddddddddddddddddddddddd&apos; of &apos;kkkk&apos; detected differences! See details at: https://eyes.applitools.com/app/batches/00000251828064158982/00000251828064158316?accountId=Iu0s3H51vUWACYvST6Sy_A~~" type="java.lang.Error">java.lang.Error: com.applitools.eyes.exceptions.DiffsFoundException: Test &apos;Untitleddddddddddddddddddddddddddddd&apos; of &apos;kkkk&apos; detected differences! See details at: https://eyes.applitools.com/app/batches/00000251828064158982/00000251828064158316?accountId=Iu0s3H51vUWACYvST6Sy_A~~
	at com.applitools.eyes.visualgrid.services.VisualGridRunner.getAllTestResultsImpl(VisualGridRunner.java:446)
	at com.applitools.eyes.EyesRunner.getAllTestResults(EyesRunner.java:23)
	at com.applitools.eyes.EyesRunner.getAllTestResults(EyesRunner.java:17)
	at UntitledddddddddddddddddddddddddddddTest.tearDown(UntitledddddddddddddddddddddddddddddTest.java:59)
	at java.base/jdk.internal.reflect.NativeMethodAccessorImpl.invoke0(Native Method)
	at java.base/jdk.internal.reflect.NativeMethodAccessorImpl.invoke(NativeMethodAccessorImpl.java:62)
	at java.base/jdk.internal.reflect.DelegatingMethodAccessorImpl.invoke(DelegatingMethodAccessorImpl.java:43)
	at java.base/java.lang.reflect.Method.invoke(Method.java:566)
	at org.junit.runners.model.FrameworkMethod$1.runReflectiveCall(FrameworkMethod.java:50)
	at org.junit.internal.runners.model.ReflectiveCallable.run(ReflectiveCallable.java:12)
	at org.junit.runners.model.FrameworkMethod.invokeExplosively(FrameworkMethod.java:47)
	at org.junit.internal.runners.statements.RunAfters.evaluate(RunAfters.java:33)
	at org.junit.runners.ParentRunner.runLeaf(ParentRunner.java:325)
	at org.junit.runners.BlockJUnit4ClassRunner.runChild(BlockJUnit4ClassRunner.java:78)
	at org.junit.runners.BlockJUnit4ClassRunner.runChild(BlockJUnit4ClassRunner.java:57)
	at org.junit.runners.ParentRunner$3.run(ParentRunner.java:290)
	at org.junit.runners.ParentRunner$1.schedule(ParentRunner.java:71)
	at org.junit.runners.ParentRunner.runChildren(ParentRunner.java:288)
	at org.junit.runners.ParentRunner.access$000(ParentRunner.java:58)
	at org.junit.runners.ParentRunner$2.evaluate(ParentRunner.java:268)
	at org.junit.runners.ParentRunner.run(ParentRunner.java:363)
	at org.apache.maven.surefire.junit4.JUnit4Provider.execute(JUnit4Provider.java:252)
	at org.apache.maven.surefire.junit4.JUnit4Provider.executeTestSet(JUnit4Provider.java:141)
	at org.apache.maven.surefire.junit4.JUnit4Provider.invoke(JUnit4Provider.java:112)
	at java.base/jdk.internal.reflect.NativeMethodAccessorImpl.invoke0(Native Method)
	at java.base/jdk.internal.reflect.NativeMethodAccessorImpl.invoke(NativeMethodAccessorImpl.java:62)
	at java.base/jdk.internal.reflect.DelegatingMethodAccessorImpl.invoke(DelegatingMethodAccessorImpl.java:43)
	at java.base/java.lang.reflect.Method.invoke(Method.java:566)
	at org.apache.maven.surefire.util.ReflectionUtils.invokeMethodWithArray(ReflectionUtils.java:189)
	at org.apache.maven.surefire.booter.ProviderFactory$ProviderProxy.invoke(ProviderFactory.java:165)
	at org.apache.maven.surefire.booter.ProviderFactory.invokeProvider(ProviderFactory.java:85)
	at org.apache.maven.surefire.booter.ForkedBooter.runSuitesInProcess(ForkedBooter.java:115)
	at org.apache.maven.surefire.booter.ForkedBooter.main(ForkedBooter.java:75)
Caused by: com.applitools.eyes.exceptions.DiffsFoundException: Test &apos;Untitleddddddddddddddddddddddddddddd&apos; of &apos;kkkk&apos; detected differences! See details at: https://eyes.applitools.com/app/batches/00000251828064158982/00000251828064158316?accountId=Iu0s3H51vUWACYvST6Sy_A~~
	at com.applitools.eyes.EyesBase.logSessionResultsAndThrowException(EyesBase.java:524)
	at com.applitools.eyes.EyesBase.close(EyesBase.java:497)
	at com.applitools.eyes.visualgrid.services.VisualGridTask.call(VisualGridTask.java:150)
	at com.applitools.eyes.visualgrid.services.VisualGridTask.call(VisualGridTask.java:17)
	at java.base/java.util.concurrent.FutureTask.run(FutureTask.java:264)
	at java.base/java.util.concurrent.Executors$RunnableAdapter.call(Executors.java:515)
	at java.base/java.util.concurrent.FutureTask.run(FutureTask.java:264)
	at java.base/java.util.concurrent.ThreadPoolExecutor.runWorker(ThreadPoolExecutor.java:1128)
	at java.base/java.util.concurrent.ThreadPoolExecutor$Worker.run(ThreadPoolExecutor.java:628)
	at java.base/java.lang.Thread.run(Thread.java:834)
</error>
    <system-err>Nov 20, 2019 7:57:04 AM org.openqa.selenium.remote.DesiredCapabilities chrome
INFO: Using `new ChromeOptions()` is preferred to `DesiredCapabilities.chrome()`
Nov 20, 2019 7:57:06 AM org.openqa.selenium.remote.ProtocolHandshake createSession
INFO: Detected dialect: W3C
SLF4J: Failed to load class &quot;org.slf4j.impl.StaticLoggerBinder&quot;.
SLF4J: Defaulting to no-operation (NOP) logger implementation
SLF4J: See http://www.slf4j.org/codes.html#StaticLoggerBinder for further details.
</system-err>
  </testcase>
</testsuite>